<?xml version="1.0" encoding="UTF-8"?>
<!-- Generated by org.testng.reporters.JUnitXMLReporter -->
<testsuite ignored="2" hostname="LAPTOP-J5E37TJF" failures="0" tests="2" name="Test" time="10.601" errors="0" timestamp="2021-12-22T09:38:01 IST">
  <testcase classname="testclass.LoginTest" name="verifyLogin" time="4.671"/>
  <testcase classname="testclass.LogoutTest" name="verifyLogout" time="5.888"/>
  <testcase classname="testclass.BaseTest" name="@AfterSuite tearDownEnv" time="0.0">
    <ignored/>
  </testcase> <!-- @AfterSuite tearDownEnv -->
  <testcase classname="testclass.BaseTest" name="@BeforeSuite initializingWebEnv" time="0.0">
    <ignored/>
  </testcase> <!-- @BeforeSuite initializingWebEnv -->
</testsuite> <!-- Test -->
